e:\code_kickshaw\exp4db\exp\exp6\canteen_manager\x64\debug\qt\uic\ui_canteen_manager.h
e:\code_kickshaw\exp4db\exp\exp6\canteen_manager\x64\debug\qt\moc\moc_canteen_manager.cpp
e:\code_kickshaw\exp4db\exp\exp6\canteen_manager_backup\x64\debug\qt\moc\moc_canteen_manager.cpp
e:\code_kickshaw\exp4db\exp\exp6\canteen_manager_backup\x64\debug\qt\uic\ui_canteen_manager.h
e:\code_kickshaw\exp4db\exp\exp6\canteen_manager_backup\x64\debug\main.obj
e:\code_kickshaw\exp4db\exp\exp6\canteen_manager_backup\x64\debug\canteen_manager.obj
e:\code_kickshaw\exp4db\exp\exp6\canteen_manager_backup\x64\debug\vc143.pdb
e:\code_kickshaw\exp4db\exp\exp6\canteen_manager_backup\x64\debug\vc143.idb
e:\code_kickshaw\exp4db\exp\exp6\canteen_manager_backup\x64\debug\moc_canteen_manager.obj
e:\code_kickshaw\exp4db\exp\exp6\canteen_manager_backup\x64\debug\canteen_manager.exe
e:\code_kickshaw\exp4db\exp\exp6\canteen_manager_backup\x64\debug\canteen_manager.ilk
e:\code_kickshaw\exp4db\exp\exp6\canteen_manager_backup\x64\debug\canteen_manager.pdb
e:\code_kickshaw\exp4db\exp\exp6\canteen_manager_backup\x64\debug\canteen_manager.tlog\canteen_manager.write.1u.tlog
e:\code_kickshaw\exp4db\exp\exp6\canteen_manager_backup\x64\debug\canteen_manager.tlog\cl.command.1.tlog
e:\code_kickshaw\exp4db\exp\exp6\canteen_manager_backup\x64\debug\canteen_manager.tlog\cl.items.tlog
e:\code_kickshaw\exp4db\exp\exp6\canteen_manager_backup\x64\debug\canteen_manager.tlog\cl.read.1.tlog
e:\code_kickshaw\exp4db\exp\exp6\canteen_manager_backup\x64\debug\canteen_manager.tlog\cl.write.1.tlog
e:\code_kickshaw\exp4db\exp\exp6\canteen_manager_backup\x64\debug\canteen_manager.tlog\link.command.1.tlog
e:\code_kickshaw\exp4db\exp\exp6\canteen_manager_backup\x64\debug\canteen_manager.tlog\link.read.1.tlog
e:\code_kickshaw\exp4db\exp\exp6\canteen_manager_backup\x64\debug\canteen_manager.tlog\link.write.1.tlog
e:\code_kickshaw\exp4db\exp\exp6\canteen_manager_backup\x64\debug\canteen_manager.tlog\moc.read.1u.tlog
e:\code_kickshaw\exp4db\exp\exp6\canteen_manager_backup\x64\debug\canteen_manager.tlog\moc.write.1u.tlog
e:\code_kickshaw\exp4db\exp\exp6\canteen_manager_backup\x64\debug\canteen_manager.tlog\uic.read.1u.tlog
e:\code_kickshaw\exp4db\exp\exp6\canteen_manager_backup\x64\debug\canteen_manager.tlog\uic.write.1u.tlog
